# JRE version: Java(TM) SE Runtime Environment (8.0_131-b11) (build 1.8.0_131-b11)
# Java VM: Java HotSpot(TM) 64-Bit Server VM (25.131-b11 mixed mode windows-amd64 compressed oops)
Heap:
 PSYoungGen      total 131072K, used 105556K [0x00000000d6e00000, 0x00000000e1200000, 0x0000000100000000)
  eden space 121856K, 80% used [0x00000000d6e00000,0x00000000dcd998b8,0x00000000de500000)
  from space 9216K, 83% used [0x00000000de500000,0x00000000dec7b7d8,0x00000000dee00000)
  to   space 9728K, 0% used [0x00000000e0880000,0x00000000e0880000,0x00000000e1200000)
 ParOldGen       total 57344K, used 7168K [0x0000000084a00000, 0x0000000088200000, 0x00000000d6e00000)
  object space 57344K, 12% used [0x0000000084a00000,0x0000000085100040,0x0000000088200000)
 Metaspace       used 28658K, capacity 29704K, committed 30080K, reserved 1075200K
  class space    used 3878K, capacity 4106K, committed 4224K, reserved 1048576K
GC Heap History (10 events):
Event: 6.025 GC heap before
{Heap before GC invocations=4 (full 0):
 PSYoungGen      total 36864K, used 36861K [0x00000000d6e00000, 0x00000000db600000, 0x0000000100000000)
  eden space 31744K, 100% used [0x00000000d6e00000,0x00000000d8d00000,0x00000000d8d00000)
  from space 5120K, 99% used [0x00000000d8d00000,0x00000000d91ff760,0x00000000d9200000)
  to   space 5120K, 0% used [0x00000000db100000,0x00000000db100000,0x00000000db600000)
 ParOldGen       total 84992K, used 897K [0x0000000084a00000, 0x0000000089d00000, 0x00000000d6e00000)
  object space 84992K, 1% used [0x0000000084a00000,0x0000000084ae05f8,0x0000000089d00000)
 Metaspace       used 17931K, capacity 18472K, committed 18688K, reserved 1064960K
  class space    used 2320K, capacity 2476K, committed 2560K, reserved 1048576K
Event: 6.036 GC heap after
Heap after GC invocations=4 (full 0):
 PSYoungGen      total 68608K, used 5104K [0x00000000d6e00000, 0x00000000db600000, 0x0000000100000000)
  eden space 63488K, 0% used [0x00000000d6e00000,0x00000000d6e00000,0x00000000dac00000)
  from space 5120K, 99% used [0x00000000db100000,0x00000000db5fc0c0,0x00000000db600000)
  to   space 5120K, 0% used [0x00000000dac00000,0x00000000dac00000,0x00000000db100000)
 ParOldGen       total 84992K, used 3541K [0x0000000084a00000, 0x0000000089d00000, 0x00000000d6e00000)
  object space 84992K, 4% used [0x0000000084a00000,0x0000000084d754a8,0x0000000089d00000)
 Metaspace       used 17931K, capacity 18472K, committed 18688K, reserved 1064960K
  class space    used 2320K, capacity 2476K, committed 2560K, reserved 1048576K
}
Event: 10.305 GC heap before
{Heap before GC invocations=5 (full 0):
 PSYoungGen      total 68608K, used 40675K [0x00000000d6e00000, 0x00000000db600000, 0x0000000100000000)
  eden space 63488K, 56% used [0x00000000d6e00000,0x00000000d90bcdc8,0x00000000dac00000)
  from space 5120K, 99% used [0x00000000db100000,0x00000000db5fc0c0,0x00000000db600000)
  to   space 5120K, 0% used [0x00000000dac00000,0x00000000dac00000,0x00000000db100000)
 ParOldGen       total 84992K, used 3541K [0x0000000084a00000, 0x0000000089d00000, 0x00000000d6e00000)
  object space 84992K, 4% used [0x0000000084a00000,0x0000000084d754a8,0x0000000089d00000)
 Metaspace       used 20495K, capacity 21172K, committed 21296K, reserved 1067008K
  class space    used 2682K, capacity 2870K, committed 2944K, reserved 1048576K
Event: 10.404 GC heap after
Heap after GC invocations=5 (full 0):
 PSYoungGen      total 68608K, used 5108K [0x00000000d6e00000, 0x00000000dfc00000, 0x0000000100000000)
  eden space 63488K, 0% used [0x00000000d6e00000,0x00000000d6e00000,0x00000000dac00000)
  from space 5120K, 99% used [0x00000000dac00000,0x00000000db0fd238,0x00000000db100000)
  to   space 9216K, 0% used [0x00000000df300000,0x00000000df300000,0x00000000dfc00000)
 ParOldGen       total 84992K, used 5691K [0x0000000084a00000, 0x0000000089d00000, 0x00000000d6e00000)
  object space 84992K, 6% used [0x0000000084a00000,0x0000000084f8ee98,0x0000000089d00000)
 Metaspace       used 20495K, capacity 21172K, committed 21296K, reserved 1067008K
  class space    used 2682K, capacity 2870K, committed 2944K, reserved 1048576K
}
Event: 10.404 GC heap before
{Heap before GC invocations=6 (full 1):
 PSYoungGen      total 68608K, used 5108K [0x00000000d6e00000, 0x00000000dfc00000, 0x0000000100000000)
  eden space 63488K, 0% used [0x00000000d6e00000,0x00000000d6e00000,0x00000000dac00000)
  from space 5120K, 99% used [0x00000000dac00000,0x00000000db0fd238,0x00000000db100000)
  to   space 9216K, 0% used [0x00000000df300000,0x00000000df300000,0x00000000dfc00000)
 ParOldGen       total 84992K, used 5691K [0x0000000084a00000, 0x0000000089d00000, 0x00000000d6e00000)
  object space 84992K, 6% used [0x0000000084a00000,0x0000000084f8ee98,0x0000000089d00000)
 Metaspace       used 20495K, capacity 21172K, committed 21296K, reserved 1067008K
  class space    used 2682K, capacity 2870K, committed 2944K, reserved 1048576K
Event: 10.608 GC heap after
Heap after GC invocations=6 (full 1):
 PSYoungGen      total 68608K, used 0K [0x00000000d6e00000, 0x00000000dfc00000, 0x0000000100000000)
  eden space 63488K, 0% used [0x00000000d6e00000,0x00000000d6e00000,0x00000000dac00000)
  from space 5120K, 0% used [0x00000000dac00000,0x00000000dac00000,0x00000000db100000)
  to   space 9216K, 0% used [0x00000000df300000,0x00000000df300000,0x00000000dfc00000)
 ParOldGen       total 57344K, used 7160K [0x0000000084a00000, 0x0000000088200000, 0x00000000d6e00000)
  object space 57344K, 12% used [0x0000000084a00000,0x00000000850fe040,0x0000000088200000)
 Metaspace       used 20493K, capacity 21166K, committed 21296K, reserved 1067008K
  class space    used 2682K, capacity 2869K, committed 2944K, reserved 1048576K
}
Event: 11.809 GC heap before
{Heap before GC invocations=7 (full 1):
 PSYoungGen      total 68608K, used 63488K [0x00000000d6e00000, 0x00000000dfc00000, 0x0000000100000000)
  eden space 63488K, 100% used [0x00000000d6e00000,0x00000000dac00000,0x00000000dac00000)
  from space 5120K, 0% used [0x00000000dac00000,0x00000000dac00000,0x00000000db100000)
  to   space 9216K, 0% used [0x00000000df300000,0x00000000df300000,0x00000000dfc00000)
 ParOldGen       total 57344K, used 7160K [0x0000000084a00000, 0x0000000088200000, 0x00000000d6e00000)
  object space 57344K, 12% used [0x0000000084a00000,0x00000000850fe040,0x0000000088200000)
 Metaspace       used 23216K, capacity 24138K, committed 24320K, reserved 1071104K
  class space    used 3085K, capacity 3297K, committed 3328K, reserved 1048576K
Event: 11.850 GC heap after
Heap after GC invocations=7 (full 1):
 PSYoungGen      total 103424K, used 4010K [0x00000000d6e00000, 0x00000000df700000, 0x0000000100000000)
  eden space 99328K, 0% used [0x00000000d6e00000,0x00000000d6e00000,0x00000000dcf00000)
  from space 4096K, 97% used [0x00000000df300000,0x00000000df6eaa00,0x00000000df700000)
  to   space 9216K, 0% used [0x00000000de500000,0x00000000de500000,0x00000000dee00000)
 ParOldGen       total 57344K, used 7160K [0x0000000084a00000, 0x0000000088200000, 0x00000000d6e00000)
  object space 57344K, 12% used [0x0000000084a00000,0x00000000850fe040,0x0000000088200000)
 Metaspace       used 23216K, capacity 24138K, committed 24320K, reserved 1071104K
  class space    used 3085K, capacity 3297K, committed 3328K, reserved 1048576K
}
Event: 18.678 GC heap before
{Heap before GC invocations=8 (full 1):
 PSYoungGen      total 103424K, used 103338K [0x00000000d6e00000, 0x00000000df700000, 0x0000000100000000)
  eden space 99328K, 100% used [0x00000000d6e00000,0x00000000dcf00000,0x00000000dcf00000)
  from space 4096K, 97% used [0x00000000df300000,0x00000000df6eaa00,0x00000000df700000)
  to   space 9216K, 0% used [0x00000000de500000,0x00000000de500000,0x00000000dee00000)
 ParOldGen       total 57344K, used 7160K [0x0000000084a00000, 0x0000000088200000, 0x00000000d6e00000)
  object space 57344K, 12% used [0x0000000084a00000,0x00000000850fe040,0x0000000088200000)
 Metaspace       used 25306K, capacity 26332K, committed 26496K, reserved 1073152K
  class space    used 3398K, capacity 3628K, committed 3712K, reserved 1048576K
Event: 18.690 GC heap after
Heap after GC invocations=8 (full 1):
 PSYoungGen      total 131072K, used 7661K [0x00000000d6e00000, 0x00000000e1200000, 0x0000000100000000)
  eden space 121856K, 0% used [0x00000000d6e00000,0x00000000d6e00000,0x00000000de500000)
  from space 9216K, 83% used [0x00000000de500000,0x00000000dec7b7d8,0x00000000dee00000)
  to   space 9728K, 0% used [0x00000000e0880000,0x00000000e0880000,0x00000000e1200000)
 ParOldGen       total 57344K, used 7168K [0x0000000084a00000, 0x0000000088200000, 0x00000000d6e00000)
  object space 57344K, 12% used [0x0000000084a00000,0x0000000085100040,0x0000000088200000)
 Metaspace       used 25306K, capacity 26332K, committed 26496K, reserved 1073152K
  class space    used 3398K, capacity 3628K, committed 3712K, reserved 1048576K
}

